<?xml version="1.0" encoding="UTF-8"?>
<testng-results skipped="0" failed="0" ignored="0" total="2" passed="2">
  <reporter-output>
  </reporter-output>
  <suite name="Default suite" duration-ms="123703" started-at="2018-02-02T09:53:02Z" finished-at="2018-02-02T09:55:06Z">
    <groups>
    </groups>
    <test name="Default test" duration-ms="123703" started-at="2018-02-02T09:53:02Z" finished-at="2018-02-02T09:55:06Z">
      <class name="myAppium.myAppiumTest.vacTest">
        <test-method status="PASS" signature="beforeClass()[pri:0, instance:myAppium.myAppiumTest.vacTest@204f30ec]" name="beforeClass" is-config="true" duration-ms="18362" started-at="2018-02-02T17:53:02Z" finished-at="2018-02-02T17:53:20Z">
          <reporter-output>
          </reporter-output>
        </test-method> <!-- beforeClass -->
        <test-method status="PASS" signature="login()[pri:1, instance:myAppium.myAppiumTest.vacTest@204f30ec]" name="login" duration-ms="35238" started-at="2018-02-02T17:53:20Z" finished-at="2018-02-02T17:53:55Z">
          <reporter-output>
          </reporter-output>
        </test-method> <!-- login -->
        <test-method status="PASS" signature="carPlan()[pri:2, instance:myAppium.myAppiumTest.vacTest@204f30ec]" name="carPlan" duration-ms="70035" started-at="2018-02-02T17:53:55Z" finished-at="2018-02-02T17:55:05Z">
          <reporter-output>
          </reporter-output>
        </test-method> <!-- carPlan -->
        <test-method status="FAIL" signature="afterClass()[pri:0, instance:myAppium.myAppiumTest.vacTest@204f30ec]" name="afterClass" is-config="true" duration-ms="40" started-at="2018-02-02T17:55:05Z" finished-at="2018-02-02T17:55:05Z">
          <exception class="org.openqa.selenium.NoSuchSessionException">
            <message>
              <![CDATA[A session is either terminated or not started (WARNING: The server did not provide any stacktrace information)Command duration or timeout: 0 millisecondsBuild info: version: '3.6.0', revision: '6fbf3ec767', time: '2017-09-27T15:28:36.4Z'System info: host: 'BJDN014-PC', ip: '192.168.56.120', os.name: 'Windows 7', os.arch: 'amd64', os.version: '6.1', java.version: '1.8.0_151'Driver info: io.appium.java_client.android.AndroidDriverCapabilities [{appPackage=com.suneee.vacapp, deviceScreenSize=1440x2960, networkConnectionEnabled=true, warnings={}, databaseEnabled=false, deviceName=192.168.89.101:5555, platform=LINUX, deviceUDID=192.168.89.101:5555, appActivity=.ui.AppIntroduceActivity, desired={appActivity=.ui.AppIntroduceActivity, appPackage=com.suneee.vacapp, platformVersion=7.0, automationName=Appium, platformName=android, deviceName=Android emulator}, platformVersion=7.0, webStorageEnabled=false, locationContextEnabled=false, automationName=Appium, takesScreenshot=true, javascriptEnabled=true, deviceModel=Samsung Galaxy S8 - 7.0.0 - API 24 - 1440x2960, deviceManufacturer=Genymotion, platformName=LINUX}]Session ID: 609b2380-f72a-4105-a1f4-6198a884e873]]>
            </message>
            <full-stacktrace>
              <![CDATA[org.openqa.selenium.NoSuchSessionException: A session is either terminated or not started (WARNING: The server did not provide any stacktrace information)Command duration or timeout: 0 millisecondsBuild info: version: '3.6.0', revision: '6fbf3ec767', time: '2017-09-27T15:28:36.4Z'System info: host: 'BJDN014-PC', ip: '192.168.56.120', os.name: 'Windows 7', os.arch: 'amd64', os.version: '6.1', java.version: '1.8.0_151'Driver info: io.appium.java_client.android.AndroidDriverCapabilities [{appPackage=com.suneee.vacapp, deviceScreenSize=1440x2960, networkConnectionEnabled=true, warnings={}, databaseEnabled=false, deviceName=192.168.89.101:5555, platform=LINUX, deviceUDID=192.168.89.101:5555, appActivity=.ui.AppIntroduceActivity, desired={appActivity=.ui.AppIntroduceActivity, appPackage=com.suneee.vacapp, platformVersion=7.0, automationName=Appium, platformName=android, deviceName=Android emulator}, platformVersion=7.0, webStorageEnabled=false, locationContextEnabled=false, automationName=Appium, takesScreenshot=true, javascriptEnabled=true, deviceModel=Samsung Galaxy S8 - 7.0.0 - API 24 - 1440x2960, deviceManufacturer=Genymotion, platformName=LINUX}]Session ID: 609b2380-f72a-4105-a1f4-6198a884e873at sun.reflect.NativeConstructorAccessorImpl.newInstance0(Native Method)at sun.reflect.NativeConstructorAccessorImpl.newInstance(Unknown Source)at sun.reflect.DelegatingConstructorAccessorImpl.newInstance(Unknown Source)at java.lang.reflect.Constructor.newInstance(Unknown Source)at org.openqa.selenium.remote.ErrorHandler.createThrowable(ErrorHandler.java:214)at org.openqa.selenium.remote.ErrorHandler.throwIfResponseFailed(ErrorHandler.java:166)at org.openqa.selenium.remote.http.JsonHttpResponseCodec.reconstructValue(JsonHttpResponseCodec.java:40)at org.openqa.selenium.remote.http.AbstractHttpResponseCodec.decode(AbstractHttpResponseCodec.java:80)at org.openqa.selenium.remote.http.AbstractHttpResponseCodec.decode(AbstractHttpResponseCodec.java:44)at org.openqa.selenium.remote.HttpCommandExecutor.execute(HttpCommandExecutor.java:164)at io.appium.java_client.remote.AppiumCommandExecutor.execute(AppiumCommandExecutor.java:89)at org.openqa.selenium.remote.RemoteWebDriver.execute(RemoteWebDriver.java:601)at io.appium.java_client.DefaultGenericMobileDriver.execute(DefaultGenericMobileDriver.java:46)at io.appium.java_client.AppiumDriver.execute(AppiumDriver.java:1)at io.appium.java_client.android.AndroidDriver.execute(AndroidDriver.java:1)at org.openqa.selenium.remote.RemoteWebDriver.quit(RemoteWebDriver.java:497)at myAppium.myAppiumTest.vacTest.afterClass(vacTest.java:62)at sun.reflect.NativeMethodAccessorImpl.invoke0(Native Method)at sun.reflect.NativeMethodAccessorImpl.invoke(Unknown Source)at sun.reflect.DelegatingMethodAccessorImpl.invoke(Unknown Source)at java.lang.reflect.Method.invoke(Unknown Source)at org.testng.internal.MethodInvocationHelper.invokeMethod(MethodInvocationHelper.java:124)at org.testng.internal.MethodInvocationHelper.invokeMethodConsideringTimeout(MethodInvocationHelper.java:59)at org.testng.internal.Invoker.invokeConfigurationMethod(Invoker.java:451)at org.testng.internal.Invoker.invokeConfigurations(Invoker.java:222)at org.testng.internal.Invoker.invokeConfigurations(Invoker.java:142)at org.testng.internal.TestMethodWorker.invokeAfterClassMethods(TestMethodWorker.java:208)at org.testng.internal.TestMethodWorker.run(TestMethodWorker.java:111)at org.testng.TestRunner.privateRun(TestRunner.java:648)at org.testng.TestRunner.run(TestRunner.java:505)at org.testng.SuiteRunner.runTest(SuiteRunner.java:455)at org.testng.SuiteRunner.runSequentially(SuiteRunner.java:450)at org.testng.SuiteRunner.privateRun(SuiteRunner.java:415)at org.testng.SuiteRunner.run(SuiteRunner.java:364)at org.testng.SuiteRunnerWorker.runSuite(SuiteRunnerWorker.java:52)at org.testng.SuiteRunnerWorker.run(SuiteRunnerWorker.java:84)at org.testng.TestNG.runSuitesSequentially(TestNG.java:1187)at org.testng.TestNG.runSuitesLocally(TestNG.java:1116)at org.testng.TestNG.runSuites(TestNG.java:1028)at org.testng.TestNG.run(TestNG.java:996)at org.testng.remote.AbstractRemoteTestNG.run(AbstractRemoteTestNG.java:114)at org.testng.remote.RemoteTestNG.initAndRun(RemoteTestNG.java:251)at org.testng.remote.RemoteTestNG.main(RemoteTestNG.java:77)]]>
            </full-stacktrace>
          </exception> <!-- org.openqa.selenium.NoSuchSessionException -->
          <reporter-output>
          </reporter-output>
        </test-method> <!-- afterClass -->
      </class> <!-- myAppium.myAppiumTest.vacTest -->
    </test> <!-- Default test -->
  </suite> <!-- Default suite -->
</testng-results>
